C51 COMPILER V9.60.7.0   MAIN                                                              10/09/2023 20:58:40 PAGE 1   


C51 COMPILER V9.60.7.0, COMPILATION OF MODULE MAIN
OBJECT MODULE PLACED IN .\Objects\main.obj
COMPILER INVOKED BY: D:\Download\C51\BIN\C51.EXE main.c OPTIMIZE(8,SPEED) BROWSE DEBUG OBJECTEXTEND PRINT(.\Listings\mai
                    -n.lst) TABS(2) OBJECT(.\Objects\main.obj)

line level    source

   1          #include <REGX51.H>
   2           
   3          unsigned char port[] = {0x40,0x79,0x24,0x30,0x19,0x12,0x02,0x78,0x00,0x10};
   4          
   5          void delay(int value){
   6   1        int x, y;
   7   1        for(x = 0; x < value; x++)
   8   1          for(y = 0; y < 125; y++);
   9   1      }
  10          void main(){
  11   1        int i ;
  12   1        for(i = 0; i < 10; i++){
  13   2          P2 = port[i];
  14   2          delay(1000);
  15   2        }
  16   1      }


MODULE INFORMATION:   STATIC OVERLAYABLE
   CODE SIZE        =     67    ----
   CONSTANT SIZE    =   ----    ----
   XDATA SIZE       =   ----    ----
   PDATA SIZE       =   ----    ----
   DATA SIZE        =     10    ----
   IDATA SIZE       =   ----    ----
   BIT SIZE         =   ----    ----
END OF MODULE INFORMATION.


C51 COMPILATION COMPLETE.  0 WARNING(S),  0 ERROR(S)
